Using pre-set license
Built from '2020.2/release' branch; Version is '2020.2.0f1 (3721df5a8b28) revision 3613151'; Using compiler version '192528614'; Build Type 'Release'
OS: 'Windows 10  (10.0.0) 64bit' Language: 'en' Physical Memory: 32717 MB
BatchMode: 1, IsHumanControllingUs: 0, StartBugReporterOnCrash: 0, Is64bit: 1, IsPro: 0

 COMMAND LINE ARGUMENTS:
D:\Programs\Unity\2020.2.0f1\Editor\Unity.exe
-adb2
-batchMode
-noUpm
-name
AssetImportWorker0
-projectPath
D:/UU/Sound_And_Music_Technology/Project/SMT-Game
-logFile
Logs/AssetImportWorker0.log
-srvPort
53924
Successfully changed project path to: D:/UU/Sound_And_Music_Technology/Project/SMT-Game
D:/UU/Sound_And_Music_Technology/Project/SMT-Game
Using Asset Import Pipeline V2.
Refreshing native plugins compatible for Editor in 28.23 ms, found 1 plugins.
Preloading 0 native plugins for Editor in 0.00 ms.
Initialize engine version: 2020.2.0f1 (3721df5a8b28)
[Subsystems] Discovering subsystems at path D:/Programs/Unity/2020.2.0f1/Editor/Data/Resources/UnitySubsystems
[Subsystems] Discovering subsystems at path D:/UU/Sound_And_Music_Technology/Project/SMT-Game/Assets
GfxDevice: creating device client; threaded=0
Direct3D:
    Version:  Direct3D 11.0 [level 11.1]
    Renderer: NVIDIA GeForce RTX 3070 (ID=0x2484)
    Vendor:   
    VRAM:     8043 MB
    Driver:   27.21.14.6089
Initialize mono
Mono path[0] = 'D:/Programs/Unity/2020.2.0f1/Editor/Data/Managed'
Mono path[1] = 'D:/Programs/Unity/2020.2.0f1/Editor/Data/MonoBleedingEdge/lib/mono/unityjit'
Mono config path = 'D:/Programs/Unity/2020.2.0f1/Editor/Data/MonoBleedingEdge/etc'
Using monoOptions --debugger-agent=transport=dt_socket,embedding=1,server=y,suspend=n,address=127.0.0.1:56352
Begin MonoManager ReloadAssembly
Registering precompiled unity dll's ...
Register platform support module: D:/Programs/Unity/2020.2.0f1/Editor/Data/PlaybackEngines/WebGLSupport/UnityEditor.WebGL.Extensions.dll
Register platform support module: D:/Programs/Unity/2020.2.0f1/Editor/Data/PlaybackEngines/MacStandaloneSupport/UnityEditor.OSXStandalone.Extensions.dll
Register platform support module: D:/Programs/Unity/2020.2.0f1/Editor/Data/PlaybackEngines/WindowsStandaloneSupport/UnityEditor.WindowsStandalone.Extensions.dll
Registered in 0.001025 seconds.
Native extension for WindowsStandalone target not found
Native extension for OSXStandalone target not found
Native extension for WebGL target not found
Refreshing native plugins compatible for Editor in 27.78 ms, found 1 plugins.
Preloading 0 native plugins for Editor in 0.00 ms.
Invoked RoslynAnalysisRunner static constructor.
RoslynAnalysisRunner will not be running.
RoslynAnalysisRunner has terminated.
Mono: successfully reloaded assembly
- Completed reload, in  1.021 seconds
Platform modules already initialized, skipping
Registering precompiled user dll's ...
Registered in 0.000427 seconds.
Begin MonoManager ReloadAssembly
Native extension for WindowsStandalone target not found
Native extension for OSXStandalone target not found
Native extension for WebGL target not found
Refreshing native plugins compatible for Editor in 29.00 ms, found 1 plugins.
Preloading 0 native plugins for Editor in 0.00 ms.
Invoked RoslynAnalysisRunner static constructor.
RoslynAnalysisRunner will not be running.
RoslynAnalysisRunner has terminated.
Mono: successfully reloaded assembly
- Completed reload, in  0.664 seconds
Platform modules already initialized, skipping
========================================================================
Worker process is ready to serve import requests
Launched and connected shader compiler UnityShaderCompiler.exe after 0.02 seconds
Refreshing native plugins compatible for Editor in 0.42 ms, found 1 plugins.
Preloading 0 native plugins for Editor in 0.00 ms.
Unloading 1787 Unused Serialized files (Serialized files now loaded: 0)
System memory in use before: 83.6 MB.
System memory in use after: 83.5 MB.

Unloading 24 unused Assets to reduce memory usage. Loaded Objects now: 2227.
Total: 1.756000 ms (FindLiveObjects: 0.189600 ms CreateObjectMapping: 0.047500 ms MarkObjects: 1.430700 ms  DeleteObjects: 0.087300 ms)

========================================================================
Received Import Request.
  path: Assets
  artifactKey: Guid(00000000000000001000000000000000) Importer(815301076,1909f56bfc062723c751e8b465ee728b)
Start importing Assets using Guid(00000000000000001000000000000000) Importer(815301076,1909f56bfc062723c751e8b465ee728b)  -> (artifact id: 'b41cfa13f056e58f64cf5f3363de7353') in 0.006420 seconds
  Import took 0.008571 seconds .

========================================================================
Received Prepare
Refreshing native plugins compatible for Editor in 0.81 ms, found 1 plugins.
Preloading 0 native plugins for Editor in 0.00 ms.
Unloading 10 Unused Serialized files (Serialized files now loaded: 0)
System memory in use before: 48.4 MB.
System memory in use after: 48.4 MB.

Unloading 10 unused Assets to reduce memory usage. Loaded Objects now: 2227.
Total: 1.702100 ms (FindLiveObjects: 0.141800 ms CreateObjectMapping: 0.037800 ms MarkObjects: 1.432700 ms  DeleteObjects: 0.088900 ms)

========================================================================
Received Import Request.
  Time since last request: 0.736444 seconds.
  path: Assets/Scripts
  artifactKey: Guid(f062059c64246264288d43c594ecc6ac) Importer(815301076,1909f56bfc062723c751e8b465ee728b)
Start importing Assets/Scripts using Guid(f062059c64246264288d43c594ecc6ac) Importer(815301076,1909f56bfc062723c751e8b465ee728b)  -> (artifact id: '96fc58ec4d9bb3ea3d66936379d1d0f5') in 0.014694 seconds
  Import took 0.017083 seconds .

========================================================================
Received Import Request.
  Time since last request: 3.774505 seconds.
  path: Assets/Audio
  artifactKey: Guid(1df08463e6cdbcc4aa4c181f207cad20) Importer(815301076,1909f56bfc062723c751e8b465ee728b)
Start importing Assets/Audio using Guid(1df08463e6cdbcc4aa4c181f207cad20) Importer(815301076,1909f56bfc062723c751e8b465ee728b)  -> (artifact id: '9f4ec9c415094e6f02dca9ce5a0dfc95') in 0.003922 seconds
  Import took 0.006370 seconds .

========================================================================
Received Import Request.
  Time since last request: 21.120867 seconds.
  path: Assets/Prefabs
  artifactKey: Guid(e3350d88ef5eb3648bbbb64578c7e75a) Importer(815301076,1909f56bfc062723c751e8b465ee728b)
Start importing Assets/Prefabs using Guid(e3350d88ef5eb3648bbbb64578c7e75a) Importer(815301076,1909f56bfc062723c751e8b465ee728b)  -> (artifact id: '9bf2d688b1324fb3ced5d8dfb7041381') in 0.004058 seconds
  Import took 0.006457 seconds .

========================================================================
Received Import Request.
  Time since last request: 6.843119 seconds.
  path: Assets/Sprites
  artifactKey: Guid(28c4daaf7cc6314409f65ff3c100eecc) Importer(815301076,1909f56bfc062723c751e8b465ee728b)
Start importing Assets/Sprites using Guid(28c4daaf7cc6314409f65ff3c100eecc) Importer(815301076,1909f56bfc062723c751e8b465ee728b)  -> (artifact id: 'ba112eb29eacc50129e3343a31bcd040') in 0.004482 seconds
  Import took 0.006764 seconds .

========================================================================
Received Import Request.
  Time since last request: 18.282819 seconds.
  path: Assets/Scripts/GameController.cs
  artifactKey: Guid(ec6d6e1ff6bd4e64aa644ef0c3ff6473) Importer(815301076,1909f56bfc062723c751e8b465ee728b)
Start importing Assets/Scripts/GameController.cs using Guid(ec6d6e1ff6bd4e64aa644ef0c3ff6473) Importer(815301076,1909f56bfc062723c751e8b465ee728b)  -> (artifact id: '12d57e99ea12c332dfb37f64ccdbf56f') in 0.013612 seconds
  Import took 0.016121 seconds .

========================================================================
Received Import Request.
  Time since last request: 0.058620 seconds.
  path: Assets/Scripts/GameController.cs
  artifactKey: Guid(ec6d6e1ff6bd4e64aa644ef0c3ff6473) Importer(815301076,1909f56bfc062723c751e8b465ee728b)
Start importing Assets/Scripts/GameController.cs using Guid(ec6d6e1ff6bd4e64aa644ef0c3ff6473) Importer(815301076,1909f56bfc062723c751e8b465ee728b)  -> (artifact id: '12d57e99ea12c332dfb37f64ccdbf56f') in 0.001405 seconds
  Import took 0.003657 seconds .

========================================================================
Received Prepare
Registering precompiled user dll's ...
Registered in 0.000516 seconds.
Begin MonoManager ReloadAssembly
Native extension for WindowsStandalone target not found
Native extension for OSXStandalone target not found
Native extension for WebGL target not found
Refreshing native plugins compatible for Editor in 0.32 ms, found 1 plugins.
Preloading 0 native plugins for Editor in 0.00 ms.
Invoked RoslynAnalysisRunner static constructor.
RoslynAnalysisRunner will not be running.
RoslynAnalysisRunner has terminated.
Mono: successfully reloaded assembly
- Completed reload, in  0.595 seconds
Platform modules already initialized, skipping
Refreshing native plugins compatible for Editor in 0.24 ms, found 1 plugins.
Preloading 0 native plugins for Editor in 0.00 ms.
Unloading 1783 Unused Serialized files (Serialized files now loaded: 0)
System memory in use before: 83.7 MB.
System memory in use after: 83.7 MB.

Unloading 12 unused Assets to reduce memory usage. Loaded Objects now: 2231.
Total: 1.761700 ms (FindLiveObjects: 0.188900 ms CreateObjectMapping: 0.039800 ms MarkObjects: 1.437700 ms  DeleteObjects: 0.094200 ms)

========================================================================
Received Import Request.
  Time since last request: 5.655458 seconds.
  path: Assets/Scripts/PlayerController.cs
  artifactKey: Guid(14c5aad13f105584a9f60174b82799da) Importer(815301076,1909f56bfc062723c751e8b465ee728b)
Start importing Assets/Scripts/PlayerController.cs using Guid(14c5aad13f105584a9f60174b82799da) Importer(815301076,1909f56bfc062723c751e8b465ee728b)  -> (artifact id: 'f2a2c03ff404c97ad52a065e3c8f8e42') in 0.006429 seconds
  Import took 0.008987 seconds .

========================================================================
Received Prepare
Registering precompiled user dll's ...
Registered in 0.000533 seconds.
Begin MonoManager ReloadAssembly
Native extension for WindowsStandalone target not found
Native extension for OSXStandalone target not found
Native extension for WebGL target not found
Refreshing native plugins compatible for Editor in 0.33 ms, found 1 plugins.
Preloading 0 native plugins for Editor in 0.00 ms.
Invoked RoslynAnalysisRunner static constructor.
RoslynAnalysisRunner will not be running.
RoslynAnalysisRunner has terminated.
Mono: successfully reloaded assembly
- Completed reload, in  0.600 seconds
Platform modules already initialized, skipping
Refreshing native plugins compatible for Editor in 0.21 ms, found 1 plugins.
Preloading 0 native plugins for Editor in 0.00 ms.
Unloading 1784 Unused Serialized files (Serialized files now loaded: 0)
System memory in use before: 83.8 MB.
System memory in use after: 83.8 MB.

Unloading 12 unused Assets to reduce memory usage. Loaded Objects now: 2235.
Total: 1.760100 ms (FindLiveObjects: 0.187600 ms CreateObjectMapping: 0.036700 ms MarkObjects: 1.441300 ms  DeleteObjects: 0.093400 ms)

========================================================================
Received Import Request.
  Time since last request: 546.552504 seconds.
  path: Assets/Scenes/GameScene.unity
  artifactKey: Guid(2cda990e2423bbf4892e6590ba056729) Importer(815301076,1909f56bfc062723c751e8b465ee728b)
Start importing Assets/Scenes/GameScene.unity using Guid(2cda990e2423bbf4892e6590ba056729) Importer(815301076,1909f56bfc062723c751e8b465ee728b)  -> (artifact id: '6bb2e095261c634b478932df177877ad') in 0.012208 seconds
  Import took 0.014988 seconds .

========================================================================
Received Import Request.
  Time since last request: 0.661834 seconds.
  path: Assets/Scenes
  artifactKey: Guid(4a962d6a570b7a546bf0ce7ed062151c) Importer(815301076,1909f56bfc062723c751e8b465ee728b)
Start importing Assets/Scenes using Guid(4a962d6a570b7a546bf0ce7ed062151c) Importer(815301076,1909f56bfc062723c751e8b465ee728b)  -> (artifact id: 'ff480848ca007a47f3e0c3c087f818a6') in 0.004108 seconds
  Import took 0.006438 seconds .

========================================================================
Received Import Request.
  Time since last request: 67.966950 seconds.
  path: Assets/Scenes/MenuScene.unity
  artifactKey: Guid(784a51a99c9e7054c83ca38143abc3f3) Importer(815301076,1909f56bfc062723c751e8b465ee728b)
Start importing Assets/Scenes/MenuScene.unity using Guid(784a51a99c9e7054c83ca38143abc3f3) Importer(815301076,1909f56bfc062723c751e8b465ee728b)  -> (artifact id: '007d69d3d33254705aa2ed500e45f76e') in 0.004061 seconds
  Import took 0.006467 seconds .

AssetImportWorkerClient::OnTransportError - code=2 error=End of file
